<?xml version="1.0" encoding="UTF-8"?>
<!-- Generated by org.testng.reporters.JUnitReportReporter -->
<testsuite hostname="SarthakDell" failures="0" tests="1" name="com.automation.Day13_27th_Apr_2024_Waits_in_Selenium.Topic1_UnderstandingWaits" time="8.871" errors="0" timestamp="27 Apr 2024 16:41:23 GMT" skipped="0">
  <testcase classname="com.automation.Day13_27th_Apr_2024_Waits_in_Selenium.Topic1_UnderstandingWaits" name="usingWebDriverWait" time="8.871"/>
</testsuite> <!-- com.automation.Day13_27th_Apr_2024_Waits_in_Selenium.Topic1_UnderstandingWaits -->
