<?xml version="1.0" encoding="UTF-8"?>
<!-- Generated by org.testng.reporters.JUnitReportReporter -->
<testsuite hostname="SarthakDell" failures="0" tests="1" name="com.automation.Day19_18th_May_2024_Brave_Browser.TestingInBraveBrowser" time="8.371" errors="0" timestamp="18 May 2024 16:34:27 GMT" skipped="0">
  <testcase classname="com.automation.Day19_18th_May_2024_Brave_Browser.TestingInBraveBrowser" name="usingBraveBrowser" time="8.371"/>
</testsuite> <!-- com.automation.Day19_18th_May_2024_Brave_Browser.TestingInBraveBrowser -->
