<?xml version="1.0" encoding="UTF-8"?>
<!-- Generated by org.testng.reporters.JUnitReportReporter -->
<testsuite hostname="SarthakDell" failures="0" tests="5" name="com.automation.Day14_28th_Apr_2024_DataProvider.Topic3_DataProvider_with_RegisterExample" time="43.781" errors="0" timestamp="28 Apr 2024 16:04:43 GMT" skipped="0">
  <testcase classname="com.automation.Day14_28th_Apr_2024_DataProvider.Topic3_DataProvider_with_RegisterExample" name="registerTN" time="7.621"/>
  <testcase classname="com.automation.Day14_28th_Apr_2024_DataProvider.Topic3_DataProvider_with_RegisterExample" name="registerTN" time="7.378"/>
  <testcase classname="com.automation.Day14_28th_Apr_2024_DataProvider.Topic3_DataProvider_with_RegisterExample" name="registerTN" time="8.967"/>
  <testcase classname="com.automation.Day14_28th_Apr_2024_DataProvider.Topic3_DataProvider_with_RegisterExample" name="registerTN" time="11.420"/>
  <testcase classname="com.automation.Day14_28th_Apr_2024_DataProvider.Topic3_DataProvider_with_RegisterExample" name="registerTN" time="8.395"/>
</testsuite> <!-- com.automation.Day14_28th_Apr_2024_DataProvider.Topic3_DataProvider_with_RegisterExample -->
