<?xml version="1.0" encoding="UTF-8"?>
<!-- Generated by org.testng.reporters.JUnitReportReporter -->
<testsuite hostname="SarthakDell" failures="0" tests="1" name="com.automation.Day19_18th_May_2024_extra_Topics.ZoomIn_ZoomOut" time="10.351" errors="0" timestamp="18 May 2024 15:18:17 GMT" skipped="0">
  <testcase classname="com.automation.Day19_18th_May_2024_extra_Topics.ZoomIn_ZoomOut" name="zoominzoomoutExample" time="10.351"/>
</testsuite> <!-- com.automation.Day19_18th_May_2024_extra_Topics.ZoomIn_ZoomOut -->
