<?xml version="1.0" encoding="UTF-8"?>
<!-- Generated by org.testng.reporters.JUnitReportReporter -->
<testsuite hostname="SarthakDell" failures="0" tests="10" name="com.automation.Day12_21st_Apr_2024_Date_Time_Stamp.Topic1_Date" time="82.670" errors="0" timestamp="21 Apr 2024 17:58:35 GMT" skipped="0">
  <testcase classname="com.automation.Day12_21st_Apr_2024_Date_Time_Stamp.Topic1_Date" name="registerTN" time="9.892"/>
  <testcase classname="com.automation.Day12_21st_Apr_2024_Date_Time_Stamp.Topic1_Date" name="registerTN" time="7.624"/>
  <testcase classname="com.automation.Day12_21st_Apr_2024_Date_Time_Stamp.Topic1_Date" name="registerTN" time="7.984"/>
  <testcase classname="com.automation.Day12_21st_Apr_2024_Date_Time_Stamp.Topic1_Date" name="registerTN" time="8.759"/>
  <testcase classname="com.automation.Day12_21st_Apr_2024_Date_Time_Stamp.Topic1_Date" name="registerTN" time="7.577"/>
  <testcase classname="com.automation.Day12_21st_Apr_2024_Date_Time_Stamp.Topic1_Date" name="registerTN" time="8.238"/>
  <testcase classname="com.automation.Day12_21st_Apr_2024_Date_Time_Stamp.Topic1_Date" name="registerTN" time="7.580"/>
  <testcase classname="com.automation.Day12_21st_Apr_2024_Date_Time_Stamp.Topic1_Date" name="registerTN" time="7.788"/>
  <testcase classname="com.automation.Day12_21st_Apr_2024_Date_Time_Stamp.Topic1_Date" name="registerTN" time="8.341"/>
  <testcase classname="com.automation.Day12_21st_Apr_2024_Date_Time_Stamp.Topic1_Date" name="registerTN" time="8.887"/>
</testsuite> <!-- com.automation.Day12_21st_Apr_2024_Date_Time_Stamp.Topic1_Date -->
