<?xml version="1.0" encoding="UTF-8"?>
<!-- Generated by org.testng.reporters.JUnitReportReporter -->
<testsuite hostname="SarthakDell" failures="0" tests="1" name="com.automation.Day15_4th_May_2024_Application_of_Encapsulation.LoginTest" time="4.965" errors="0" timestamp="04 May 2024 19:04:55 GMT" skipped="0">
  <testcase classname="com.automation.Day15_4th_May_2024_Application_of_Encapsulation.LoginTest" name="validCredentials" time="4.965"/>
</testsuite> <!-- com.automation.Day15_4th_May_2024_Application_of_Encapsulation.LoginTest -->
