<?xml version="1.0" encoding="UTF-8"?>
<!-- Generated by org.testng.reporters.JUnitReportReporter -->
<testsuite hostname="SarthakDell" failures="0" tests="1" name="com.automation.Day20_25th_May_2024_Multiple_WebElements.Rediff_FooterLinks" time="137.612" errors="0" timestamp="25 May 2024 18:33:47 GMT" skipped="0">
  <testcase classname="com.automation.Day20_25th_May_2024_Multiple_WebElements.Rediff_FooterLinks" name="multipleWebElements" time="137.612"/>
</testsuite> <!-- com.automation.Day20_25th_May_2024_Multiple_WebElements.Rediff_FooterLinks -->
