<?xml version="1.0" encoding="UTF-8"?>
<!-- Generated by org.testng.reporters.JUnitReportReporter -->
<testsuite hostname="SarthakDell" failures="0" tests="2" name="com.automation.Day12_21st_Apr_2024_Data_Driven_Testing.Topic4_Class_Assignment" time="14.382" errors="0" timestamp="21 Apr 2024 17:00:27 GMT" skipped="0">
  <testcase classname="com.automation.Day12_21st_Apr_2024_Data_Driven_Testing.Topic4_Class_Assignment" name="loginTn" time="7.473"/>
  <testcase classname="com.automation.Day12_21st_Apr_2024_Data_Driven_Testing.Topic4_Class_Assignment" name="registerTN" time="6.909"/>
</testsuite> <!-- com.automation.Day12_21st_Apr_2024_Data_Driven_Testing.Topic4_Class_Assignment -->
