<?xml version="1.0" encoding="UTF-8"?>
<!-- Generated by org.testng.reporters.JUnitReportReporter -->
<testsuite hostname="SarthakDell" failures="0" tests="5" name="com.automation.Day13_27th_Apr_2024_Batch_Running_TestNG.LoginTest" time="29.598" errors="0" timestamp="27 Apr 2024 18:57:22 GMT" skipped="0">
  <testcase classname="com.automation.Day13_27th_Apr_2024_Batch_Running_TestNG.LoginTest" name="loginWithValidCredentials" time="6.139"/>
  <testcase classname="com.automation.Day13_27th_Apr_2024_Batch_Running_TestNG.LoginTest" name="loginWithinvalidCredentials" time="5.684"/>
  <testcase classname="com.automation.Day13_27th_Apr_2024_Batch_Running_TestNG.LoginTest" name="loginWithValidEmailInvalidPassword" time="6.115"/>
  <testcase classname="com.automation.Day13_27th_Apr_2024_Batch_Running_TestNG.LoginTest" name="loginWithInvalidEmailValidPassword" time="6.128"/>
  <testcase classname="com.automation.Day13_27th_Apr_2024_Batch_Running_TestNG.LoginTest" name="loginWithNoCredentials" time="5.532"/>
</testsuite> <!-- com.automation.Day13_27th_Apr_2024_Batch_Running_TestNG.LoginTest -->
