<?xml version="1.0" encoding="UTF-8"?>
<!-- Generated by org.testng.reporters.JUnitReportReporter -->
<testsuite hostname="SarthakDell" failures="0" tests="1" name="com.automation.Day13_27th_Apr_2024_Paramterization_in_TestNG.Topic1" time="6.710" errors="0" timestamp="27 Apr 2024 18:31:48 GMT" skipped="0">
  <testcase classname="com.automation.Day13_27th_Apr_2024_Paramterization_in_TestNG.Topic1" name="loginParamterizationConcept" time="6.710"/>
</testsuite> <!-- com.automation.Day13_27th_Apr_2024_Paramterization_in_TestNG.Topic1 -->
