<?xml version="1.0" encoding="UTF-8"?>
<!-- Generated by org.testng.reporters.JUnitReportReporter -->
<testsuite hostname="SarthakDell" failures="0" tests="2" name="com.automation.Day16_5th_May_2024_TestNG_suiteA_Login.LoginTest_Part2" time="0.003" errors="0" timestamp="05 May 2024 18:19:36 GMT" skipped="0">
  <testcase classname="com.automation.Day16_5th_May_2024_TestNG_suiteA_Login.LoginTest_Part2" name="validLoginPart2" time="0.001"/>
  <testcase classname="com.automation.Day16_5th_May_2024_TestNG_suiteA_Login.LoginTest_Part2" name="invalidLoginPart2" time="0.002"/>
</testsuite> <!-- com.automation.Day16_5th_May_2024_TestNG_suiteA_Login.LoginTest_Part2 -->
