<?xml version="1.0" encoding="UTF-8"?>
<!-- Generated by org.testng.reporters.JUnitReportReporter -->
<testsuite hostname="SarthakDell" failures="0" tests="2" name="com.automation.Day16_5th_May_2024_TestNG_include_exclude.LoginTest" time="0.004" errors="0" timestamp="05 May 2024 18:06:59 GMT" skipped="0">
  <testcase classname="com.automation.Day16_5th_May_2024_TestNG_include_exclude.LoginTest" name="validLogin" time="0.002"/>
  <testcase classname="com.automation.Day16_5th_May_2024_TestNG_include_exclude.LoginTest" name="noLogin" time="0.002"/>
</testsuite> <!-- com.automation.Day16_5th_May_2024_TestNG_include_exclude.LoginTest -->
