<?xml version="1.0" encoding="UTF-8"?>
<!-- Generated by org.testng.reporters.JUnitReportReporter -->
<testsuite hostname="SarthakDell" failures="0" tests="1" name="com.automation.Day12_21st_Apr_2024_Alerts_PopUps.Topic1_How_to_handle_alerts_PopUps" time="6.869" errors="0" timestamp="21 Apr 2024 17:42:17 GMT" skipped="0">
  <testcase classname="com.automation.Day12_21st_Apr_2024_Alerts_PopUps.Topic1_How_to_handle_alerts_PopUps" name="loginRediffAlert" time="6.869"/>
</testsuite> <!-- com.automation.Day12_21st_Apr_2024_Alerts_PopUps.Topic1_How_to_handle_alerts_PopUps -->
