<?xml version="1.0" encoding="UTF-8"?>
<!-- Generated by org.testng.reporters.JUnitReportReporter -->
<testsuite hostname="SarthakDell" failures="0" tests="1" name="com.automation.Day9_13th_Apr_2024_Revision_Day_1.Doubt_Assertion_Practice" time="11.963" errors="0" timestamp="13 Apr 2024 17:11:05 GMT" skipped="0">
  <testcase classname="com.automation.Day9_13th_Apr_2024_Revision_Day_1.Doubt_Assertion_Practice" name="registerMandatoryDetails" time="11.963"/>
</testsuite> <!-- com.automation.Day9_13th_Apr_2024_Revision_Day_1.Doubt_Assertion_Practice -->
