<?xml version="1.0" encoding="UTF-8"?>
<!-- Generated by org.testng.reporters.JUnitReportReporter -->
<testsuite hostname="SarthakDell" failures="0" tests="1" name="com.automation.Day21_26th_May_2024_WebTables.Topic1_What_is_A_WebTable" time="5.261" errors="0" timestamp="26 May 2024 15:11:41 GMT" skipped="0">
  <testcase classname="com.automation.Day21_26th_May_2024_WebTables.Topic1_What_is_A_WebTable" name="printAllColsOfFirstRowOfBody" time="5.261"/>
</testsuite> <!-- com.automation.Day21_26th_May_2024_WebTables.Topic1_What_is_A_WebTable -->
