<?xml version="1.0" encoding="UTF-8"?>
<!-- Generated by org.testng.reporters.JUnitReportReporter -->
<testsuite hostname="SarthakDell" failures="0" tests="1" name="com.automation.Day7_6th_Apr_2024_Basics_Of_TestNG.Topic13_SimpleExampleOfAssert" time="5.487" errors="0" timestamp="06 Apr 2024 18:16:54 GMT" skipped="0">
  <testcase classname="com.automation.Day7_6th_Apr_2024_Basics_Of_TestNG.Topic13_SimpleExampleOfAssert" name="goingToLoginPage" time="5.487"/>
</testsuite> <!-- com.automation.Day7_6th_Apr_2024_Basics_Of_TestNG.Topic13_SimpleExampleOfAssert -->
