<?xml version="1.0" encoding="UTF-8"?>
<!-- Generated by org.testng.reporters.JUnitReportReporter -->
<testsuite hostname="SarthakDell" failures="0" tests="1" name="com.automation.Day9_13th_Apr_2024_Revision_Day_1.Doubt1_Xpaths" time="9.070" errors="0" timestamp="13 Apr 2024 15:33:23 GMT" skipped="0">
  <testcase classname="com.automation.Day9_13th_Apr_2024_Revision_Day_1.Doubt1_Xpaths" name="openweatherMapLogoImage" time="9.070"/>
</testsuite> <!-- com.automation.Day9_13th_Apr_2024_Revision_Day_1.Doubt1_Xpaths -->
