<?xml version="1.0" encoding="UTF-8"?>
<!-- Generated by org.testng.reporters.JUnitReportReporter -->
<testsuite hostname="SarthakDell" failures="0" tests="1" name="com.automation.Day8_7th_Apr_2024_Xpaths.Topic1_Introduction" time="6.517" errors="0" timestamp="07 Apr 2024 18:11:22 GMT" skipped="0">
  <testcase classname="com.automation.Day8_7th_Apr_2024_Xpaths.Topic1_Introduction" name="loginTutorialsNinja" time="6.517"/>
</testsuite> <!-- com.automation.Day8_7th_Apr_2024_Xpaths.Topic1_Introduction -->
