<?xml version="1.0" encoding="UTF-8"?>
<!-- Generated by org.testng.reporters.JUnitReportReporter -->
<testsuite hostname="SarthakDell" failures="0" tests="1" name="com.automation.Day19_18th_May_2024_extra_Topics.ToolTip" time="6.207" errors="0" timestamp="18 May 2024 15:00:57 GMT" skipped="0">
  <testcase classname="com.automation.Day19_18th_May_2024_extra_Topics.ToolTip" name="extractingToolTipOfAWebElement" time="6.207"/>
</testsuite> <!-- com.automation.Day19_18th_May_2024_extra_Topics.ToolTip -->
