<?xml version="1.0" encoding="UTF-8"?>
<!-- Generated by org.testng.reporters.JUnitReportReporter -->
<testsuite hostname="SarthakDell" failures="0" tests="2" name="com.automation.Day7_6th_Apr_2024_Basics_Of_TestNG.Topic4_Application_TriCombo_Automation" time="13.213" errors="0" timestamp="06 Apr 2024 15:52:08 GMT" skipped="0">
  <testcase classname="com.automation.Day7_6th_Apr_2024_Basics_Of_TestNG.Topic4_Application_TriCombo_Automation" name="clickOnRegisterOption" time="6.974"/>
  <testcase classname="com.automation.Day7_6th_Apr_2024_Basics_Of_TestNG.Topic4_Application_TriCombo_Automation" name="clickOnLoginOption" time="6.239"/>
</testsuite> <!-- com.automation.Day7_6th_Apr_2024_Basics_Of_TestNG.Topic4_Application_TriCombo_Automation -->
