<?xml version="1.0" encoding="UTF-8"?>
<!-- Generated by org.testng.reporters.JUnitReportReporter -->
<testsuite hostname="SarthakDell" failures="0" tests="1" name="com.automation.Day20_25th_May_2024_Multiple_WebElements.Topic1_Handling_Multiple_Elements" time="16.023" errors="0" timestamp="25 May 2024 17:48:21 GMT" skipped="0">
  <testcase classname="com.automation.Day20_25th_May_2024_Multiple_WebElements.Topic1_Handling_Multiple_Elements" name="multipleWebElements" time="16.023"/>
</testsuite> <!-- com.automation.Day20_25th_May_2024_Multiple_WebElements.Topic1_Handling_Multiple_Elements -->
