<?xml version="1.0" encoding="UTF-8"?>
<!-- Generated by org.testng.reporters.JUnitReportReporter -->
<testsuite hostname="SarthakDell" failures="0" tests="5" name="com.automation.Day7_6th_Apr_2024_Basics_Of_TestNG.TriCombo" time="0.034" errors="0" timestamp="06 Apr 2024 15:28:17 GMT" skipped="0">
  <testcase classname="com.automation.Day7_6th_Apr_2024_Basics_Of_TestNG.TriCombo" name="testCase3" time="0.006"/>
  <testcase classname="com.automation.Day7_6th_Apr_2024_Basics_Of_TestNG.TriCombo" name="testCase5" time="0.005"/>
  <testcase classname="com.automation.Day7_6th_Apr_2024_Basics_Of_TestNG.TriCombo" name="testCase4" time="0.006"/>
  <testcase classname="com.automation.Day7_6th_Apr_2024_Basics_Of_TestNG.TriCombo" name="testCase2" time="0.002"/>
  <testcase classname="com.automation.Day7_6th_Apr_2024_Basics_Of_TestNG.TriCombo" name="testCase1" time="0.015"/>
</testsuite> <!-- com.automation.Day7_6th_Apr_2024_Basics_Of_TestNG.TriCombo -->
