<?xml version="1.0" encoding="UTF-8"?>
<!-- Generated by org.testng.reporters.JUnitReportReporter -->
<testsuite hostname="SarthakDell" failures="0" tests="1" name="com.automation.Day20_25th_May_2024_Dynamic_Dropdown.AutoSuggestive_Dropdown" time="22.136" errors="0" timestamp="25 May 2024 15:17:24 GMT" skipped="0">
  <testcase classname="com.automation.Day20_25th_May_2024_Dynamic_Dropdown.AutoSuggestive_Dropdown" name="makeMyTrip" time="22.136"/>
</testsuite> <!-- com.automation.Day20_25th_May_2024_Dynamic_Dropdown.AutoSuggestive_Dropdown -->
