<?xml version="1.0" encoding="UTF-8"?>
<!-- Generated by org.testng.reporters.JUnitReportReporter -->
<testsuite hostname="SarthakDell" failures="0" tests="1" name="com.automation.Day15_4th_May_2024_Application_of_Abstraction.Topic1_Example" time="5.296" errors="0" timestamp="04 May 2024 16:56:58 GMT" skipped="0">
  <testcase classname="com.automation.Day15_4th_May_2024_Application_of_Abstraction.Topic1_Example" name="explaning" time="5.296"/>
</testsuite> <!-- com.automation.Day15_4th_May_2024_Application_of_Abstraction.Topic1_Example -->
