<?xml version="1.0" encoding="UTF-8"?>
<!-- Generated by org.testng.reporters.JUnitReportReporter -->
<testsuite hostname="SarthakDell" failures="0" tests="1" name="com.automation.Day20_25th_May_2024_Multiple_WebElements.Topic2_Flipkart" time="18.084" errors="0" timestamp="25 May 2024 18:02:38 GMT" skipped="0">
  <testcase classname="com.automation.Day20_25th_May_2024_Multiple_WebElements.Topic2_Flipkart" name="mensTShirts" time="18.084"/>
</testsuite> <!-- com.automation.Day20_25th_May_2024_Multiple_WebElements.Topic2_Flipkart -->
