<?xml version="1.0" encoding="UTF-8"?>
<!-- Generated by org.testng.reporters.JUnitReportReporter -->
<testsuite hostname="SarthakDell" failures="0" tests="3" name="com.automation.Day16_5th_May_2024_TestNG_include_exclude.SearchProductTest" time="0.012" errors="0" timestamp="05 May 2024 18:06:59 GMT" skipped="0">
  <testcase classname="com.automation.Day16_5th_May_2024_TestNG_include_exclude.SearchProductTest" name="validSearch" time="0.007"/>
  <testcase classname="com.automation.Day16_5th_May_2024_TestNG_include_exclude.SearchProductTest" name="noSearch" time="0.002"/>
  <testcase classname="com.automation.Day16_5th_May_2024_TestNG_include_exclude.SearchProductTest" name="invalidSearch" time="0.003"/>
</testsuite> <!-- com.automation.Day16_5th_May_2024_TestNG_include_exclude.SearchProductTest -->
