<?xml version="1.0" encoding="UTF-8"?>
<!-- Generated by org.testng.reporters.JUnitReportReporter -->
<testsuite hostname="SarthakDell" failures="0" tests="1" name="com.automation.Day12_21st_Apr_2024_Data_Driven_Testing.Topic3_RegisterTN_Properties_File" time="10.067" errors="0" timestamp="21 Apr 2024 16:31:37 GMT" skipped="0">
  <testcase classname="com.automation.Day12_21st_Apr_2024_Data_Driven_Testing.Topic3_RegisterTN_Properties_File" name="registerTN" time="10.067"/>
</testsuite> <!-- com.automation.Day12_21st_Apr_2024_Data_Driven_Testing.Topic3_RegisterTN_Properties_File -->
