<?xml version="1.0" encoding="UTF-8"?>
<!-- Generated by org.testng.reporters.JUnitReportReporter -->
<testsuite hostname="SarthakDell" failures="0" tests="1" name="com.automation.Day19_18th_May_2024_extra_Topics.How_to_Handle_Frames" time="6.907" errors="0" timestamp="18 May 2024 14:50:22 GMT" skipped="0">
  <testcase classname="com.automation.Day19_18th_May_2024_extra_Topics.How_to_Handle_Frames" name="handlingFrames" time="6.907"/>
</testsuite> <!-- com.automation.Day19_18th_May_2024_extra_Topics.How_to_Handle_Frames -->
