<?xml version="1.0" encoding="UTF-8"?>
<!-- Generated by org.testng.reporters.JUnitReportReporter -->
<testsuite hostname="SarthakDell" failures="0" tests="1" name="com.automation.Day9_13th_Apr_2024_Revision_Day_1.Doubt3_Assertions_in_Selenium" time="5.352" errors="0" timestamp="13 Apr 2024 16:49:58 GMT" skipped="0">
  <testcase classname="com.automation.Day9_13th_Apr_2024_Revision_Day_1.Doubt3_Assertions_in_Selenium" name="loginTN" time="5.352"/>
</testsuite> <!-- com.automation.Day9_13th_Apr_2024_Revision_Day_1.Doubt3_Assertions_in_Selenium -->
