<?xml version="1.0" encoding="UTF-8"?>
<!-- Generated by org.testng.reporters.JUnitReportReporter -->
<testsuite hostname="SarthakDell" failures="0" tests="1" name="com.automation.Day13_27th_Apr_2024_Paramterization_in_TestNG.Topic2_ClassAssignment_TN_Register" time="7.510" errors="0" timestamp="27 Apr 2024 18:35:26 GMT" skipped="0">
  <testcase classname="com.automation.Day13_27th_Apr_2024_Paramterization_in_TestNG.Topic2_ClassAssignment_TN_Register" name="registerTN" time="7.510"/>
</testsuite> <!-- com.automation.Day13_27th_Apr_2024_Paramterization_in_TestNG.Topic2_ClassAssignment_TN_Register -->
