<?xml version="1.0" encoding="UTF-8"?>
<!-- Generated by org.testng.reporters.JUnitReportReporter -->
<testsuite hostname="SarthakDell" failures="0" tests="5" name="com.automation.Day13_27th_Apr_2024_Waits_in_Selenium.Topic2__Class_Assignment" time="36.061" errors="0" timestamp="27 Apr 2024 17:12:44 GMT" skipped="0">
  <testcase classname="com.automation.Day13_27th_Apr_2024_Waits_in_Selenium.Topic2__Class_Assignment" name="registerTest" time="6.825"/>
  <testcase classname="com.automation.Day13_27th_Apr_2024_Waits_in_Selenium.Topic2__Class_Assignment" name="registerTest" time="7.019"/>
  <testcase classname="com.automation.Day13_27th_Apr_2024_Waits_in_Selenium.Topic2__Class_Assignment" name="registerTest" time="7.471"/>
  <testcase classname="com.automation.Day13_27th_Apr_2024_Waits_in_Selenium.Topic2__Class_Assignment" name="registerTest" time="7.313"/>
  <testcase classname="com.automation.Day13_27th_Apr_2024_Waits_in_Selenium.Topic2__Class_Assignment" name="registerTest" time="7.433"/>
</testsuite> <!-- com.automation.Day13_27th_Apr_2024_Waits_in_Selenium.Topic2__Class_Assignment -->
