<?xml version="1.0" encoding="UTF-8"?>
<!-- Generated by org.testng.reporters.JUnitReportReporter -->
<testsuite hostname="SarthakDell" failures="0" tests="1" name="com.automation.Day19_18th_May_2024_extra_Topics.Screenshots" time="4.567" errors="0" timestamp="18 May 2024 15:43:34 GMT" skipped="0">
  <testcase classname="com.automation.Day19_18th_May_2024_extra_Topics.Screenshots" name="exampleShaadi" time="4.567"/>
</testsuite> <!-- com.automation.Day19_18th_May_2024_extra_Topics.Screenshots -->
