<?xml version="1.0" encoding="UTF-8"?>
<!-- Generated by org.testng.reporters.JUnitReportReporter -->
<testsuite hostname="SarthakDell" failures="0" tests="4" name="com.automation.Day13_27th_Apr_2024_Batch_Running_TestNG.RegisterTest" time="25.965" errors="0" timestamp="27 Apr 2024 18:57:22 GMT" skipped="0">
  <testcase classname="com.automation.Day13_27th_Apr_2024_Batch_Running_TestNG.RegisterTest" name="registerUsingAllDetails" time="6.945"/>
  <testcase classname="com.automation.Day13_27th_Apr_2024_Batch_Running_TestNG.RegisterTest" name="registerUsingMandatoryDetails" time="6.675"/>
  <testcase classname="com.automation.Day13_27th_Apr_2024_Batch_Running_TestNG.RegisterTest" name="registerUsingNodetails" time="5.345"/>
  <testcase classname="com.automation.Day13_27th_Apr_2024_Batch_Running_TestNG.RegisterTest" name="registerUsingExistingEmail" time="7.000"/>
</testsuite> <!-- com.automation.Day13_27th_Apr_2024_Batch_Running_TestNG.RegisterTest -->
