<?xml version="1.0" encoding="UTF-8"?>
<!-- Generated by org.testng.reporters.JUnitReportReporter -->
<testsuite hostname="SarthakDell" failures="0" tests="8" name="com.automation.Day14_28th_Apr_2024_DataProvider_ExcelSheet.Topic2_TestCases" time="44.778" errors="1" timestamp="28 Apr 2024 18:37:41 GMT" skipped="0">
  <testcase classname="com.automation.Day14_28th_Apr_2024_DataProvider_ExcelSheet.Topic2_TestCases" name="loginTest" time="6.791"/>
  <testcase classname="com.automation.Day14_28th_Apr_2024_DataProvider_ExcelSheet.Topic2_TestCases" name="loginTest" time="6.295"/>
  <testcase classname="com.automation.Day14_28th_Apr_2024_DataProvider_ExcelSheet.Topic2_TestCases" name="loginTest" time="7.334"/>
  <testcase classname="com.automation.Day14_28th_Apr_2024_DataProvider_ExcelSheet.Topic2_TestCases" name="loginTest" time="6.031"/>
  <testcase classname="com.automation.Day14_28th_Apr_2024_DataProvider_ExcelSheet.Topic2_TestCases" name="loginTest" time="6.118"/>
  <testcase classname="com.automation.Day14_28th_Apr_2024_DataProvider_ExcelSheet.Topic2_TestCases" name="loginTest" time="6.217"/>
  <testcase classname="com.automation.Day14_28th_Apr_2024_DataProvider_ExcelSheet.Topic2_TestCases" name="loginTest" time="5.992"/>
  <testcase classname="com.automation.Day14_28th_Apr_2024_DataProvider_ExcelSheet.Topic2_TestCases" name="registerTN" time="0.000">
    <error message="
Method public void com.automation.Day14_28th_Apr_2024_DataProvider_ExcelSheet.Topic2_TestCases.registerTN(java.lang.String,java.lang.String,java.lang.String,java.lang.String,java.lang.String) requires a @DataProvider named : readFromExcelSheetTNRegister in class com.automation.Day14_28th_Apr_2024_DataProvider_ExcelSheet.Topic1_ExcelCode" type="org.testng.TestNGException">
      <![CDATA[org.testng.TestNGException: 
Method public void com.automation.Day14_28th_Apr_2024_DataProvider_ExcelSheet.Topic2_TestCases.registerTN(java.lang.String,java.lang.String,java.lang.String,java.lang.String,java.lang.String) requires a @DataProvider named : readFromExcelSheetTNRegister in class com.automation.Day14_28th_Apr_2024_DataProvider_ExcelSheet.Topic1_ExcelCode
	at org.testng.internal.Parameters.findDataProvider(Parameters.java:336)
	at org.testng.internal.Parameters.handleParameters(Parameters.java:498)
	at org.testng.internal.Invoker.handleParameters(Invoker.java:1308)
	at org.testng.internal.Invoker.createParameters(Invoker.java:1036)
	at org.testng.internal.Invoker.invokeTestMethods(Invoker.java:1126)
	at org.testng.internal.TestMethodWorker.invokeTestMethods(TestMethodWorker.java:126)
	at org.testng.internal.TestMethodWorker.run(TestMethodWorker.java:109)
	at org.testng.TestRunner.privateRun(TestRunner.java:744)
	at org.testng.TestRunner.run(TestRunner.java:602)
	at org.testng.SuiteRunner.runTest(SuiteRunner.java:380)
	at org.testng.SuiteRunner.runSequentially(SuiteRunner.java:375)
	at org.testng.SuiteRunner.privateRun(SuiteRunner.java:340)
	at org.testng.SuiteRunner.run(SuiteRunner.java:289)
	at org.testng.SuiteRunnerWorker.runSuite(SuiteRunnerWorker.java:52)
	at org.testng.SuiteRunnerWorker.run(SuiteRunnerWorker.java:86)
	at org.testng.TestNG.runSuitesSequentially(TestNG.java:1301)
	at org.testng.TestNG.runSuitesLocally(TestNG.java:1226)
	at org.testng.TestNG.runSuites(TestNG.java:1144)
	at org.testng.TestNG.run(TestNG.java:1115)
	at org.testng.remote.AbstractRemoteTestNG.run(AbstractRemoteTestNG.java:115)
	at org.testng.remote.RemoteTestNG.initAndRun(RemoteTestNG.java:251)
	at org.testng.remote.RemoteTestNG.main(RemoteTestNG.java:77)
]]>
    </error>
  </testcase> <!-- registerTN -->
</testsuite> <!-- com.automation.Day14_28th_Apr_2024_DataProvider_ExcelSheet.Topic2_TestCases -->
