<?xml version="1.0" encoding="UTF-8"?>
<!-- Generated by org.testng.reporters.JUnitReportReporter -->
<testsuite hostname="SarthakDell" failures="0" tests="1" name="com.automation.Day19_18th_May_2024_Mouse_Actions.MouseActions" time="3.201" errors="0" timestamp="26 May 2024 16:51:50 GMT" skipped="0">
  <testcase classname="com.automation.Day19_18th_May_2024_Mouse_Actions.MouseActions" name="dragandDropOperation" time="3.201"/>
</testsuite> <!-- com.automation.Day19_18th_May_2024_Mouse_Actions.MouseActions -->
