<?xml version="1.0" encoding="UTF-8"?>
<!-- Generated by org.testng.reporters.JUnitReportReporter -->
<testsuite hostname="SarthakDell" failures="0" tests="1" name="com.automation.Day20_25th_May_2024_Dynamic_Dropdown.Looping_Dropdown" time="16.154" errors="0" timestamp="25 May 2024 15:31:15 GMT" skipped="0">
  <testcase classname="com.automation.Day20_25th_May_2024_Dynamic_Dropdown.Looping_Dropdown" name="easeMyTrip" time="16.154"/>
</testsuite> <!-- com.automation.Day20_25th_May_2024_Dynamic_Dropdown.Looping_Dropdown -->
