<?xml version="1.0" encoding="UTF-8"?>
<!-- Generated by org.testng.reporters.JUnitReportReporter -->
<testsuite hostname="SarthakDell" failures="0" tests="1" name="com.automation.Day21_26th_May_2024_WebTables.Class_Assignment" time="5.373" errors="0" timestamp="26 May 2024 16:26:20 GMT" skipped="0">
  <testcase classname="com.automation.Day21_26th_May_2024_WebTables.Class_Assignment" name="assignment3" time="5.373"/>
</testsuite> <!-- com.automation.Day21_26th_May_2024_WebTables.Class_Assignment -->
