<?xml version="1.0" encoding="UTF-8"?>
<!-- Generated by org.testng.reporters.JUnitReportReporter -->
<testsuite hostname="SarthakDell" failures="0" tests="1" name="com.automation.Day19_18th_May_2024_ScreenRecording.Recording_LoginTest" time="7.937" errors="0" timestamp="18 May 2024 16:19:03 GMT" skipped="0">
  <testcase classname="com.automation.Day19_18th_May_2024_ScreenRecording.Recording_LoginTest" name="recordingLoginTest" time="7.937"/>
</testsuite> <!-- com.automation.Day19_18th_May_2024_ScreenRecording.Recording_LoginTest -->
