<?xml version="1.0" encoding="UTF-8"?>
<!-- Generated by org.testng.reporters.JUnitReportReporter -->
<testsuite hostname="SarthakDell" failures="0" tests="2" name="com.automation.Day7_6th_Apr_2024_Basics_Of_TestNG.Topic10_Example_to_Showcase_Upto_Topic9" time="6.542" errors="0" timestamp="06 Apr 2024 17:38:29 GMT" skipped="1">
  <testcase classname="com.automation.Day7_6th_Apr_2024_Basics_Of_TestNG.Topic10_Example_to_Showcase_Upto_Topic9" name="registerAccount" time="6.542"/>
  <testcase classname="com.automation.Day7_6th_Apr_2024_Basics_Of_TestNG.Topic10_Example_to_Showcase_Upto_Topic9" name="loginWithValidCredentials">
    <skipped/>
  </testcase> <!-- loginWithValidCredentials -->
</testsuite> <!-- com.automation.Day7_6th_Apr_2024_Basics_Of_TestNG.Topic10_Example_to_Showcase_Upto_Topic9 -->
