<?xml version="1.0" encoding="UTF-8"?>
<!-- Generated by org.testng.reporters.JUnitReportReporter -->
<testsuite hostname="SarthakDell" failures="0" tests="2" name="com.automation.Day12_21st_Apr_2024_ChromeOptions.Topic1_ChromeOptions" time="15.814" errors="0" timestamp="21 Apr 2024 18:18:38 GMT" skipped="0">
  <testcase classname="com.automation.Day12_21st_Apr_2024_ChromeOptions.Topic1_ChromeOptions" name="registerTN" time="7.555"/>
  <testcase classname="com.automation.Day12_21st_Apr_2024_ChromeOptions.Topic1_ChromeOptions" name="headlessMode" time="8.259"/>
</testsuite> <!-- com.automation.Day12_21st_Apr_2024_ChromeOptions.Topic1_ChromeOptions -->
