<?xml version="1.0" encoding="UTF-8"?>
<!-- Generated by org.testng.reporters.JUnitReportReporter -->
<testsuite hostname="SarthakDell" failures="0" tests="7" name="com.automation.Day14_28th_Apr_2024_DataProvider_ExcelSheet.Topic2_LoginCode" time="45.543" errors="0" timestamp="28 Apr 2024 18:10:35 GMT" skipped="0">
  <testcase classname="com.automation.Day14_28th_Apr_2024_DataProvider_ExcelSheet.Topic2_LoginCode" name="loginTest" time="6.043"/>
  <testcase classname="com.automation.Day14_28th_Apr_2024_DataProvider_ExcelSheet.Topic2_LoginCode" name="loginTest" time="6.552"/>
  <testcase classname="com.automation.Day14_28th_Apr_2024_DataProvider_ExcelSheet.Topic2_LoginCode" name="loginTest" time="7.103"/>
  <testcase classname="com.automation.Day14_28th_Apr_2024_DataProvider_ExcelSheet.Topic2_LoginCode" name="loginTest" time="6.652"/>
  <testcase classname="com.automation.Day14_28th_Apr_2024_DataProvider_ExcelSheet.Topic2_LoginCode" name="loginTest" time="6.301"/>
  <testcase classname="com.automation.Day14_28th_Apr_2024_DataProvider_ExcelSheet.Topic2_LoginCode" name="loginTest" time="6.416"/>
  <testcase classname="com.automation.Day14_28th_Apr_2024_DataProvider_ExcelSheet.Topic2_LoginCode" name="loginTest" time="6.476"/>
</testsuite> <!-- com.automation.Day14_28th_Apr_2024_DataProvider_ExcelSheet.Topic2_LoginCode -->
