<?xml version="1.0" encoding="UTF-8"?>
<!-- Generated by org.testng.reporters.JUnitReportReporter -->
<testsuite hostname="SarthakDell" failures="0" tests="1" name="com.automation.Day11_20th_Apr_2024_Select_Dropdown.Topic1_Facebook_Dropdown" time="9.305" errors="0" timestamp="20 Apr 2024 18:50:55 GMT" skipped="0">
  <testcase classname="com.automation.Day11_20th_Apr_2024_Select_Dropdown.Topic1_Facebook_Dropdown" name="dropDownFacebook" time="9.305"/>
</testsuite> <!-- com.automation.Day11_20th_Apr_2024_Select_Dropdown.Topic1_Facebook_Dropdown -->
