<?xml version="1.0" encoding="UTF-8"?>
<!-- Generated by org.testng.reporters.JUnitReportReporter -->
<testsuite hostname="SarthakDell" failures="0" tests="1" name="com.automation.Day20_25th_May_2024_Calendar.Example1" time="12.333" errors="0" timestamp="25 May 2024 16:31:35 GMT" skipped="0">
  <testcase classname="com.automation.Day20_25th_May_2024_Calendar.Example1" name="datePickerTest" time="12.333"/>
</testsuite> <!-- com.automation.Day20_25th_May_2024_Calendar.Example1 -->
