<?xml version="1.0" encoding="UTF-8"?>
<!-- Generated by org.testng.reporters.JUnitReportReporter -->
<testsuite hostname="SarthakDell" failures="0" tests="5" name="com.automation.Day7_6th_Apr_2024_Basics_Of_TestNG.Topic5_Enabling_Disabling_TestCases" time="28.258" errors="0" timestamp="06 Apr 2024 16:06:07 GMT" skipped="0">
  <testcase classname="com.automation.Day7_6th_Apr_2024_Basics_Of_TestNG.Topic5_Enabling_Disabling_TestCases" name="loginWithValidEmailInvalidPassword" time="4.168"/>
  <testcase classname="com.automation.Day7_6th_Apr_2024_Basics_Of_TestNG.Topic5_Enabling_Disabling_TestCases" name="loginWithInvalidEmailValidPassword" time="6.843"/>
  <testcase classname="com.automation.Day7_6th_Apr_2024_Basics_Of_TestNG.Topic5_Enabling_Disabling_TestCases" name="loginWithValidCredentials" time="6.382"/>
  <testcase classname="com.automation.Day7_6th_Apr_2024_Basics_Of_TestNG.Topic5_Enabling_Disabling_TestCases" name="loginWithNoCredentials" time="5.514"/>
  <testcase classname="com.automation.Day7_6th_Apr_2024_Basics_Of_TestNG.Topic5_Enabling_Disabling_TestCases" name="loginWithinvalidCredentials" time="5.351"/>
</testsuite> <!-- com.automation.Day7_6th_Apr_2024_Basics_Of_TestNG.Topic5_Enabling_Disabling_TestCases -->
