<?xml version="1.0" encoding="UTF-8"?>
<!-- Generated by org.testng.reporters.JUnitReportReporter -->
<testsuite hostname="SarthakDell" failures="0" tests="1" name="com.automation.Day21_26th_May_2024_Calendar_Doubts.SpiceJet" time="9.843" errors="0" timestamp="26 May 2024 14:11:31 GMT" skipped="0">
  <testcase classname="com.automation.Day21_26th_May_2024_Calendar_Doubts.SpiceJet" name="dateCheck" time="9.843"/>
</testsuite> <!-- com.automation.Day21_26th_May_2024_Calendar_Doubts.SpiceJet -->
