<?xml version="1.0" encoding="UTF-8"?>
<!-- Generated by org.testng.reporters.JUnitReportReporter -->
<testsuite hostname="SarthakDell" failures="0" tests="3" name="com.automation.Day15_4th_May_2024_Application_of_inheritance.SearchProductTest" time="14.655" errors="0" timestamp="04 May 2024 15:15:58 GMT" skipped="0">
  <testcase classname="com.automation.Day15_4th_May_2024_Application_of_inheritance.SearchProductTest" name="validProduct" time="3.589"/>
  <testcase classname="com.automation.Day15_4th_May_2024_Application_of_inheritance.SearchProductTest" name="invalidProduct" time="5.807"/>
  <testcase classname="com.automation.Day15_4th_May_2024_Application_of_inheritance.SearchProductTest" name="noProduct" time="5.259"/>
</testsuite> <!-- com.automation.Day15_4th_May_2024_Application_of_inheritance.SearchProductTest -->
