<?xml version="1.0" encoding="UTF-8"?>
<!-- Generated by org.testng.reporters.JUnitReportReporter -->
<testsuite hostname="SarthakDell" failures="0" tests="1" name="com.automation.Day7_6th_Apr_2024_Basics_Of_TestNG.Annotations_TestNG" time="0.008" errors="0" timestamp="06 Apr 2024 15:14:56 GMT" skipped="0">
  <testcase classname="com.automation.Day7_6th_Apr_2024_Basics_Of_TestNG.Annotations_TestNG" name="testCase" time="0.008"/>
</testsuite> <!-- com.automation.Day7_6th_Apr_2024_Basics_Of_TestNG.Annotations_TestNG -->
