<?xml version="1.0" encoding="UTF-8"?>
<!-- Generated by org.testng.reporters.JUnitReportReporter -->
<testsuite hostname="SarthakDell" failures="0" tests="5" name="com.automation.Day7_6th_Apr_2024_Basics_Of_TestNG.Topic6_Enable_Disable_TestCases" time="23.761" errors="0" timestamp="06 Apr 2024 16:11:51 GMT" skipped="1">
  <testcase classname="com.automation.Day7_6th_Apr_2024_Basics_Of_TestNG.Topic6_Enable_Disable_TestCases" name="loginWithValidCredentials" time="7.056"/>
  <testcase classname="com.automation.Day7_6th_Apr_2024_Basics_Of_TestNG.Topic6_Enable_Disable_TestCases" name="loginWithinvalidCredentials" time="5.771"/>
  <testcase classname="com.automation.Day7_6th_Apr_2024_Basics_Of_TestNG.Topic6_Enable_Disable_TestCases" name="loginWithValidEmailInvalidPassword" time="5.636"/>
  <testcase classname="com.automation.Day7_6th_Apr_2024_Basics_Of_TestNG.Topic6_Enable_Disable_TestCases" name="loginWithNoCredentials" time="5.298"/>
  <testcase classname="com.automation.Day7_6th_Apr_2024_Basics_Of_TestNG.Topic6_Enable_Disable_TestCases" name="loginWithInvalidEmailValidPassword">
    <skipped/>
  </testcase> <!-- loginWithInvalidEmailValidPassword -->
</testsuite> <!-- com.automation.Day7_6th_Apr_2024_Basics_Of_TestNG.Topic6_Enable_Disable_TestCases -->
