<?xml version="1.0" encoding="UTF-8"?>
<!-- Generated by org.testng.reporters.JUnitReportReporter -->
<testsuite hostname="SarthakDell" failures="0" tests="1" name="com.automation.Day13_27th_Apr_2024_Understanding_Alerts_in_Depth.Doubt_Clearing_Asserts_SoftAsserts" time="10.375" errors="0" timestamp="27 Apr 2024 14:33:48 GMT" skipped="0">
  <testcase classname="com.automation.Day13_27th_Apr_2024_Understanding_Alerts_in_Depth.Doubt_Clearing_Asserts_SoftAsserts" name="loginWithValidCredentials" time="10.375"/>
</testsuite> <!-- com.automation.Day13_27th_Apr_2024_Understanding_Alerts_in_Depth.Doubt_Clearing_Asserts_SoftAsserts -->
