<?xml version="1.0" encoding="UTF-8"?>
<!-- Generated by org.testng.reporters.JUnitReportReporter -->
<testsuite hostname="SarthakDell" failures="0" tests="5" name="com.automation.Day7_6th_Apr_2024_Basics_Of_TestNG.Topic5_Prioritizing_TestCases" time="27.760" errors="0" timestamp="06 Apr 2024 16:08:55 GMT" skipped="0">
  <testcase classname="com.automation.Day7_6th_Apr_2024_Basics_Of_TestNG.Topic5_Prioritizing_TestCases" name="loginWithValidCredentials" time="5.890"/>
  <testcase classname="com.automation.Day7_6th_Apr_2024_Basics_Of_TestNG.Topic5_Prioritizing_TestCases" name="loginWithinvalidCredentials" time="6.227"/>
  <testcase classname="com.automation.Day7_6th_Apr_2024_Basics_Of_TestNG.Topic5_Prioritizing_TestCases" name="loginWithValidEmailInvalidPassword" time="5.385"/>
  <testcase classname="com.automation.Day7_6th_Apr_2024_Basics_Of_TestNG.Topic5_Prioritizing_TestCases" name="loginWithInvalidEmailValidPassword" time="5.009"/>
  <testcase classname="com.automation.Day7_6th_Apr_2024_Basics_Of_TestNG.Topic5_Prioritizing_TestCases" name="loginWithNoCredentials" time="5.249"/>
</testsuite> <!-- com.automation.Day7_6th_Apr_2024_Basics_Of_TestNG.Topic5_Prioritizing_TestCases -->
